# JRE version: OpenJDK Runtime Environment Temurin-21.0.10+7 (21.0.10+7) (build 21.0.10+7-LTS)
# Java VM: OpenJDK 64-Bit Server VM Temurin-21.0.10+7 (21.0.10+7-LTS, mixed mode, sharing, tiered, compressed oops, compressed class ptrs, parallel gc, windows-amd64)
GC Precious Log:
 CardTable entry size: 512
 CPUs: 12 total, 12 available
 Memory: 7518M
 Large Page Support: Disabled
 NUMA Support: Disabled
 Compressed Oops: Enabled (32-bit)
 Alignments: Space 512K, Generation 512K, Heap 2M
 Heap Min Capacity: 100M
 Heap Initial Capacity: 100M
 Heap Max Capacity: 2G
 Pre-touch: Disabled
 Parallel Workers: 10
Heap:
 PSYoungGen      total 2560K, used 2286K [0x00000000d5580000, 0x00000000d5900000, 0x0000000100000000)
  eden space 2048K, 93% used [0x00000000d5580000,0x00000000d575f998,0x00000000d5780000)
  from space 512K, 71% used [0x00000000d5800000,0x00000000d585c010,0x00000000d5880000)
  to   space 512K, 0% used [0x00000000d5880000,0x00000000d5880000,0x00000000d5900000)
 ParOldGen       total 637440K, used 429455K [0x0000000080000000, 0x00000000a6e80000, 0x00000000d5580000)
  object space 637440K, 67% used [0x0000000080000000,0x000000009a363d48,0x00000000a6e80000)
 Metaspace       used 79644K, committed 81152K, reserved 1179648K
  class space    used 8187K, committed 8832K, reserved 1048576K
GC Heap History (20 events):
Event: 508.477 GC heap before
{Heap before GC invocations=1302 (full 4):
 PSYoungGen      total 3072K, used 2706K [0x00000000d5580000, 0x00000000d5980000, 0x0000000100000000)
  eden space 2048K, 100% used [0x00000000d5580000,0x00000000d5780000,0x00000000d5780000)
  from space 1024K, 64% used [0x00000000d5780000,0x00000000d58248a8,0x00000000d5880000)
  to   space 1024K, 0% used [0x00000000d5880000,0x00000000d5880000,0x00000000d5980000)
 ParOldGen       total 637440K, used 425086K [0x0000000080000000, 0x00000000a6e80000, 0x00000000d5580000)
  object space 637440K, 66% used [0x0000000080000000,0x0000000099f1fa78,0x00000000a6e80000)
 Metaspace       used 79586K, committed 81088K, reserved 1179648K
  class space    used 8187K, committed 8832K, reserved 1048576K
}
Event: 508.482 GC heap after
{Heap after GC invocations=1302 (full 4):
 PSYoungGen      total 3072K, used 723K [0x00000000d5580000, 0x00000000d5980000, 0x0000000100000000)
  eden space 2048K, 0% used [0x00000000d5580000,0x00000000d5580000,0x00000000d5780000)
  from space 1024K, 70% used [0x00000000d5880000,0x00000000d5934f10,0x00000000d5980000)
  to   space 1024K, 0% used [0x00000000d5780000,0x00000000d5780000,0x00000000d5880000)
 ParOldGen       total 637440K, used 425895K [0x0000000080000000, 0x00000000a6e80000, 0x00000000d5580000)
  object space 637440K, 66% used [0x0000000080000000,0x0000000099fe9cf8,0x00000000a6e80000)
 Metaspace       used 79586K, committed 81088K, reserved 1179648K
  class space    used 8187K, committed 8832K, reserved 1048576K
}
Event: 508.504 GC heap before
{Heap before GC invocations=1303 (full 4):
 PSYoungGen      total 3072K, used 2765K [0x00000000d5580000, 0x00000000d5980000, 0x0000000100000000)
  eden space 2048K, 99% used [0x00000000d5580000,0x00000000d577e7c8,0x00000000d5780000)
  from space 1024K, 70% used [0x00000000d5880000,0x00000000d5934f10,0x00000000d5980000)
  to   space 1024K, 0% used [0x00000000d5780000,0x00000000d5780000,0x00000000d5880000)
 ParOldGen       total 637440K, used 425895K [0x0000000080000000, 0x00000000a6e80000, 0x00000000d5580000)
  object space 637440K, 66% used [0x0000000080000000,0x0000000099fe9cf8,0x00000000a6e80000)
 Metaspace       used 79586K, committed 81088K, reserved 1179648K
  class space    used 8187K, committed 8832K, reserved 1048576K
}
Event: 508.509 GC heap after
{Heap after GC invocations=1303 (full 4):
 PSYoungGen      total 3072K, used 694K [0x00000000d5580000, 0x00000000d5980000, 0x0000000100000000)
  eden space 2048K, 0% used [0x00000000d5580000,0x00000000d5580000,0x00000000d5780000)
  from space 1024K, 67% used [0x00000000d5780000,0x00000000d582db60,0x00000000d5880000)
  to   space 1024K, 0% used [0x00000000d5880000,0x00000000d5880000,0x00000000d5980000)
 ParOldGen       total 637440K, used 426652K [0x0000000080000000, 0x00000000a6e80000, 0x00000000d5580000)
  object space 637440K, 66% used [0x0000000080000000,0x000000009a0a7030,0x00000000a6e80000)
 Metaspace       used 79586K, committed 81088K, reserved 1179648K
  class space    used 8187K, committed 8832K, reserved 1048576K
}
Event: 508.530 GC heap before
{Heap before GC invocations=1304 (full 4):
 PSYoungGen      total 3072K, used 2742K [0x00000000d5580000, 0x00000000d5980000, 0x0000000100000000)
  eden space 2048K, 100% used [0x00000000d5580000,0x00000000d5780000,0x00000000d5780000)
  from space 1024K, 67% used [0x00000000d5780000,0x00000000d582db60,0x00000000d5880000)
  to   space 1024K, 0% used [0x00000000d5880000,0x00000000d5880000,0x00000000d5980000)
 ParOldGen       total 637440K, used 426652K [0x0000000080000000, 0x00000000a6e80000, 0x00000000d5580000)
  object space 637440K, 66% used [0x0000000080000000,0x000000009a0a7030,0x00000000a6e80000)
 Metaspace       used 79586K, committed 81088K, reserved 1179648K
  class space    used 8187K, committed 8832K, reserved 1048576K
}
Event: 508.534 GC heap after
{Heap after GC invocations=1304 (full 4):
 PSYoungGen      total 3072K, used 640K [0x00000000d5580000, 0x00000000d5980000, 0x0000000100000000)
  eden space 2048K, 0% used [0x00000000d5580000,0x00000000d5580000,0x00000000d5780000)
  from space 1024K, 62% used [0x00000000d5880000,0x00000000d5920000,0x00000000d5980000)
  to   space 1024K, 0% used [0x00000000d5780000,0x00000000d5780000,0x00000000d5880000)
 ParOldGen       total 637440K, used 427313K [0x0000000080000000, 0x00000000a6e80000, 0x00000000d5580000)
  object space 637440K, 67% used [0x0000000080000000,0x000000009a14c628,0x00000000a6e80000)
 Metaspace       used 79586K, committed 81088K, reserved 1179648K
  class space    used 8187K, committed 8832K, reserved 1048576K
}
Event: 508.556 GC heap before
{Heap before GC invocations=1305 (full 4):
 PSYoungGen      total 3072K, used 2688K [0x00000000d5580000, 0x00000000d5980000, 0x0000000100000000)
  eden space 2048K, 100% used [0x00000000d5580000,0x00000000d5780000,0x00000000d5780000)
  from space 1024K, 62% used [0x00000000d5880000,0x00000000d5920000,0x00000000d5980000)
  to   space 1024K, 0% used [0x00000000d5780000,0x00000000d5780000,0x00000000d5880000)
 ParOldGen       total 637440K, used 427313K [0x0000000080000000, 0x00000000a6e80000, 0x00000000d5580000)
  object space 637440K, 67% used [0x0000000080000000,0x000000009a14c628,0x00000000a6e80000)
 Metaspace       used 79586K, committed 81088K, reserved 1179648K
  class space    used 8187K, committed 8832K, reserved 1048576K
}
Event: 508.560 GC heap after
{Heap after GC invocations=1305 (full 4):
 PSYoungGen      total 3072K, used 640K [0x00000000d5580000, 0x00000000d5980000, 0x0000000100000000)
  eden space 2048K, 0% used [0x00000000d5580000,0x00000000d5580000,0x00000000d5780000)
  from space 1024K, 62% used [0x00000000d5780000,0x00000000d5820000,0x00000000d5880000)
  to   space 1024K, 0% used [0x00000000d5880000,0x00000000d5880000,0x00000000d5980000)
 ParOldGen       total 637440K, used 427933K [0x0000000080000000, 0x00000000a6e80000, 0x00000000d5580000)
  object space 637440K, 67% used [0x0000000080000000,0x000000009a1e7738,0x00000000a6e80000)
 Metaspace       used 79586K, committed 81088K, reserved 1179648K
  class space    used 8187K, committed 8832K, reserved 1048576K
}
Event: 508.578 GC heap before
{Heap before GC invocations=1306 (full 4):
 PSYoungGen      total 3072K, used 2688K [0x00000000d5580000, 0x00000000d5980000, 0x0000000100000000)
  eden space 2048K, 100% used [0x00000000d5580000,0x00000000d5780000,0x00000000d5780000)
  from space 1024K, 62% used [0x00000000d5780000,0x00000000d5820000,0x00000000d5880000)
  to   space 1024K, 0% used [0x00000000d5880000,0x00000000d5880000,0x00000000d5980000)
 ParOldGen       total 637440K, used 427933K [0x0000000080000000, 0x00000000a6e80000, 0x00000000d5580000)
  object space 637440K, 67% used [0x0000000080000000,0x000000009a1e7738,0x00000000a6e80000)
 Metaspace       used 79586K, committed 81088K, reserved 1179648K
  class space    used 8187K, committed 8832K, reserved 1048576K
}
Event: 508.582 GC heap after
{Heap after GC invocations=1306 (full 4):
 PSYoungGen      total 3072K, used 736K [0x00000000d5580000, 0x00000000d5980000, 0x0000000100000000)
  eden space 2048K, 0% used [0x00000000d5580000,0x00000000d5580000,0x00000000d5780000)
  from space 1024K, 71% used [0x00000000d5880000,0x00000000d5938000,0x00000000d5980000)
  to   space 1024K, 0% used [0x00000000d5780000,0x00000000d5780000,0x00000000d5880000)
 ParOldGen       total 637440K, used 428552K [0x0000000080000000, 0x00000000a6e80000, 0x00000000d5580000)
  object space 637440K, 67% used [0x0000000080000000,0x000000009a2823c8,0x00000000a6e80000)
 Metaspace       used 79586K, committed 81088K, reserved 1179648K
  class space    used 8187K, committed 8832K, reserved 1048576K
}
Event: 508.625 GC heap before
{Heap before GC invocations=1307 (full 4):
 PSYoungGen      total 3072K, used 2783K [0x00000000d5580000, 0x00000000d5980000, 0x0000000100000000)
  eden space 2048K, 99% used [0x00000000d5580000,0x00000000d577fff8,0x00000000d5780000)
  from space 1024K, 71% used [0x00000000d5880000,0x00000000d5938000,0x00000000d5980000)
  to   space 1024K, 0% used [0x00000000d5780000,0x00000000d5780000,0x00000000d5880000)
 ParOldGen       total 637440K, used 428552K [0x0000000080000000, 0x00000000a6e80000, 0x00000000d5580000)
  object space 637440K, 67% used [0x0000000080000000,0x000000009a2823c8,0x00000000a6e80000)
 Metaspace       used 79590K, committed 81088K, reserved 1179648K
  class space    used 8187K, committed 8832K, reserved 1048576K
}
Event: 508.628 GC heap after
{Heap after GC invocations=1307 (full 4):
 PSYoungGen      total 3072K, used 384K [0x00000000d5580000, 0x00000000d5980000, 0x0000000100000000)
  eden space 2048K, 0% used [0x00000000d5580000,0x00000000d5580000,0x00000000d5780000)
  from space 1024K, 37% used [0x00000000d5780000,0x00000000d57e0000,0x00000000d5880000)
  to   space 1024K, 0% used [0x00000000d5880000,0x00000000d5880000,0x00000000d5980000)
 ParOldGen       total 637440K, used 428826K [0x0000000080000000, 0x00000000a6e80000, 0x00000000d5580000)
  object space 637440K, 67% used [0x0000000080000000,0x000000009a2c68b8,0x00000000a6e80000)
 Metaspace       used 79590K, committed 81088K, reserved 1179648K
  class space    used 8187K, committed 8832K, reserved 1048576K
}
Event: 508.642 GC heap before
{Heap before GC invocations=1308 (full 4):
 PSYoungGen      total 3072K, used 2432K [0x00000000d5580000, 0x00000000d5980000, 0x0000000100000000)
  eden space 2048K, 100% used [0x00000000d5580000,0x00000000d5780000,0x00000000d5780000)
  from space 1024K, 37% used [0x00000000d5780000,0x00000000d57e0000,0x00000000d5880000)
  to   space 1024K, 0% used [0x00000000d5880000,0x00000000d5880000,0x00000000d5980000)
 ParOldGen       total 637440K, used 428826K [0x0000000080000000, 0x00000000a6e80000, 0x00000000d5580000)
  object space 637440K, 67% used [0x0000000080000000,0x000000009a2c68b8,0x00000000a6e80000)
 Metaspace       used 79598K, committed 81152K, reserved 1179648K
  class space    used 8187K, committed 8832K, reserved 1048576K
}
Event: 508.644 GC heap after
{Heap after GC invocations=1308 (full 4):
 PSYoungGen      total 3072K, used 768K [0x00000000d5580000, 0x00000000d5980000, 0x0000000100000000)
  eden space 2048K, 0% used [0x00000000d5580000,0x00000000d5580000,0x00000000d5780000)
  from space 1024K, 75% used [0x00000000d5880000,0x00000000d5940020,0x00000000d5980000)
  to   space 1024K, 0% used [0x00000000d5780000,0x00000000d5780000,0x00000000d5880000)
 ParOldGen       total 637440K, used 428911K [0x0000000080000000, 0x00000000a6e80000, 0x00000000d5580000)
  object space 637440K, 67% used [0x0000000080000000,0x000000009a2dbd38,0x00000000a6e80000)
 Metaspace       used 79598K, committed 81152K, reserved 1179648K
  class space    used 8187K, committed 8832K, reserved 1048576K
}
Event: 508.684 GC heap before
{Heap before GC invocations=1309 (full 4):
 PSYoungGen      total 3072K, used 2816K [0x00000000d5580000, 0x00000000d5980000, 0x0000000100000000)
  eden space 2048K, 100% used [0x00000000d5580000,0x00000000d5780000,0x00000000d5780000)
  from space 1024K, 75% used [0x00000000d5880000,0x00000000d5940020,0x00000000d5980000)
  to   space 1024K, 0% used [0x00000000d5780000,0x00000000d5780000,0x00000000d5880000)
 ParOldGen       total 637440K, used 428911K [0x0000000080000000, 0x00000000a6e80000, 0x00000000d5580000)
  object space 637440K, 67% used [0x0000000080000000,0x000000009a2dbd38,0x00000000a6e80000)
 Metaspace       used 79625K, committed 81152K, reserved 1179648K
  class space    used 8187K, committed 8832K, reserved 1048576K
}
Event: 508.688 GC heap after
{Heap after GC invocations=1309 (full 4):
 PSYoungGen      total 3072K, used 256K [0x00000000d5580000, 0x00000000d5900000, 0x0000000100000000)
  eden space 2048K, 0% used [0x00000000d5580000,0x00000000d5580000,0x00000000d5780000)
  from space 1024K, 25% used [0x00000000d5780000,0x00000000d57c0000,0x00000000d5880000)
  to   space 512K, 0% used [0x00000000d5880000,0x00000000d5880000,0x00000000d5900000)
 ParOldGen       total 637440K, used 429287K [0x0000000080000000, 0x00000000a6e80000, 0x00000000d5580000)
  object space 637440K, 67% used [0x0000000080000000,0x000000009a339d48,0x00000000a6e80000)
 Metaspace       used 79625K, committed 81152K, reserved 1179648K
  class space    used 8187K, committed 8832K, reserved 1048576K
}
Event: 509.033 GC heap before
{Heap before GC invocations=1310 (full 4):
 PSYoungGen      total 3072K, used 2303K [0x00000000d5580000, 0x00000000d5900000, 0x0000000100000000)
  eden space 2048K, 99% used [0x00000000d5580000,0x00000000d577fff0,0x00000000d5780000)
  from space 1024K, 25% used [0x00000000d5780000,0x00000000d57c0000,0x00000000d5880000)
  to   space 512K, 0% used [0x00000000d5880000,0x00000000d5880000,0x00000000d5900000)
 ParOldGen       total 637440K, used 429287K [0x0000000080000000, 0x00000000a6e80000, 0x00000000d5580000)
  object space 637440K, 67% used [0x0000000080000000,0x000000009a339d48,0x00000000a6e80000)
 Metaspace       used 79638K, committed 81152K, reserved 1179648K
  class space    used 8187K, committed 8832K, reserved 1048576K
}
Event: 509.037 GC heap after
{Heap after GC invocations=1310 (full 4):
 PSYoungGen      total 2560K, used 368K [0x00000000d5580000, 0x00000000d5900000, 0x0000000100000000)
  eden space 2048K, 0% used [0x00000000d5580000,0x00000000d5580000,0x00000000d5780000)
  from space 512K, 71% used [0x00000000d5880000,0x00000000d58dc010,0x00000000d5900000)
  to   space 512K, 0% used [0x00000000d5800000,0x00000000d5800000,0x00000000d5880000)
 ParOldGen       total 637440K, used 429375K [0x0000000080000000, 0x00000000a6e80000, 0x00000000d5580000)
  object space 637440K, 67% used [0x0000000080000000,0x000000009a34fd48,0x00000000a6e80000)
 Metaspace       used 79638K, committed 81152K, reserved 1179648K
  class space    used 8187K, committed 8832K, reserved 1048576K
}
Event: 509.298 GC heap before
{Heap before GC invocations=1311 (full 4):
 PSYoungGen      total 2560K, used 2416K [0x00000000d5580000, 0x00000000d5900000, 0x0000000100000000)
  eden space 2048K, 100% used [0x00000000d5580000,0x00000000d5780000,0x00000000d5780000)
  from space 512K, 71% used [0x00000000d5880000,0x00000000d58dc010,0x00000000d5900000)
  to   space 512K, 0% used [0x00000000d5800000,0x00000000d5800000,0x00000000d5880000)
 ParOldGen       total 637440K, used 429375K [0x0000000080000000, 0x00000000a6e80000, 0x00000000d5580000)
  object space 637440K, 67% used [0x0000000080000000,0x000000009a34fd48,0x00000000a6e80000)
 Metaspace       used 79638K, committed 81152K, reserved 1179648K
  class space    used 8187K, committed 8832K, reserved 1048576K
}
Event: 509.300 GC heap after
{Heap after GC invocations=1311 (full 4):
 PSYoungGen      total 2560K, used 368K [0x00000000d5580000, 0x00000000d5900000, 0x0000000100000000)
  eden space 2048K, 0% used [0x00000000d5580000,0x00000000d5580000,0x00000000d5780000)
  from space 512K, 71% used [0x00000000d5800000,0x00000000d585c010,0x00000000d5880000)
  to   space 512K, 0% used [0x00000000d5880000,0x00000000d5880000,0x00000000d5900000)
 ParOldGen       total 637440K, used 429455K [0x0000000080000000, 0x00000000a6e80000, 0x00000000d5580000)
  object space 637440K, 67% used [0x0000000080000000,0x000000009a363d48,0x00000000a6e80000)
 Metaspace       used 79638K, committed 81152K, reserved 1179648K
  class space    used 8187K, committed 8832K, reserved 1048576K
}

